<?xml version="1.0" encoding="UTF-8"?>
<testng-results ignored="0" total="2" passed="2" failed="0" skipped="0">
  <reporter-output>
  </reporter-output>
  <suite started-at="2024-03-16T15:04:52 IST" name="Suite" finished-at="2024-03-16T15:07:24 IST" duration-ms="152307">
    <groups>
    </groups>
    <test started-at="2024-03-16T15:04:52 IST" name="Test" finished-at="2024-03-16T15:07:24 IST" duration-ms="152307">
      <class name="testCase.Login_TC001">
        <test-method is-config="true" signature="openApplicationurl(java.lang.String)[pri:0, instance:testCase.Login_TC001@4c60d6e9]" started-at="2024-03-16T15:04:52 IST" name="openApplicationurl" finished-at="2024-03-16T15:04:55 IST" duration-ms="3112" status="PASS">
          <params>
            <param index="0">
              <value>
                <![CDATA[chrome]]>
              </value>
            </param>
          </params>
          <reporter-output>
          </reporter-output>
        </test-method> <!-- openApplicationurl -->
        <test-method signature="LoginTest()[pri:1, instance:testCase.Login_TC001@4c60d6e9]" started-at="2024-03-16T15:04:55 IST" name="LoginTest" finished-at="2024-03-16T15:05:03 IST" duration-ms="8000" status="PASS">
          <reporter-output>
          </reporter-output>
        </test-method> <!-- LoginTest -->
        <test-method signature="dashboard_test()[pri:3, instance:testCase.Login_TC001@4c60d6e9]" started-at="2024-03-16T15:05:03 IST" name="dashboard_test" finished-at="2024-03-16T15:07:24 IST" duration-ms="141137" status="PASS">
          <reporter-output>
          </reporter-output>
        </test-method> <!-- dashboard_test -->
      </class> <!-- testCase.Login_TC001 -->
    </test> <!-- Test -->
  </suite> <!-- Suite -->
</testng-results>
